<?xml version="1.0" encoding="UTF-8"?>
<coverage generated="1784166908589" clover="3.2.0">
  <project timestamp="1784166908589" name="All files">
    <metrics statements="27" coveredstatements="24" conditionals="24" coveredconditionals="19" methods="3" coveredmethods="2" elements="54" coveredelements="45" complexity="0" loc="27" ncloc="27" packages="2" files="3" classes="3"/>
    <package name="auth">
      <metrics statements="8" coveredstatements="8" conditionals="4" coveredconditionals="4" methods="1" coveredmethods="1"/>
      <file name="authConstants.ts" path="C:\web\frontend\src\auth\authConstants.ts">
        <metrics statements="1" coveredstatements="1" conditionals="0" coveredconditionals="0" methods="0" coveredmethods="0"/>
        <line num="1" count="2" type="stmt"/>
      </file>
      <file name="requestNewAccessToken.ts" path="C:\web\frontend\src\auth\requestNewAccessToken.ts">
        <metrics statements="7" coveredstatements="7" conditionals="4" coveredconditionals="4" methods="1" coveredmethods="1"/>
        <line num="5" count="3" type="stmt"/>
        <line num="14" count="3" type="cond" truecount="2" falsecount="0"/>
        <line num="15" count="2" type="stmt"/>
        <line num="17" count="2" type="cond" truecount="2" falsecount="0"/>
        <line num="18" count="1" type="stmt"/>
        <line num="20" count="1" type="stmt"/>
        <line num="22" count="1" type="stmt"/>
      </file>
    </package>
    <package name="lib">
      <metrics statements="19" coveredstatements="16" conditionals="20" coveredconditionals="15" methods="2" coveredmethods="1"/>
      <file name="api.ts" path="C:\web\frontend\src\lib\api.ts">
        <metrics statements="19" coveredstatements="16" conditionals="20" coveredconditionals="15" methods="2" coveredmethods="1"/>
        <line num="10" count="6" type="cond" truecount="1" falsecount="0"/>
        <line num="12" count="6" type="cond" truecount="2" falsecount="0"/>
        <line num="14" count="6" type="cond" truecount="1" falsecount="1"/>
        <line num="15" count="0" type="stmt"/>
        <line num="16" count="6" type="cond" truecount="1" falsecount="1"/>
        <line num="17" count="6" type="stmt"/>
        <line num="20" count="6" type="cond" truecount="2" falsecount="0"/>
        <line num="21" count="1" type="stmt"/>
        <line num="24" count="6" type="cond" truecount="2" falsecount="0"/>
        <line num="25" count="1" type="stmt"/>
        <line num="28" count="6" type="stmt"/>
        <line num="34" count="6" type="cond" truecount="2" falsecount="0"/>
        <line num="35" count="1" type="stmt"/>
        <line num="36" count="1" type="stmt"/>
        <line num="42" count="5" type="cond" truecount="1" falsecount="1"/>
        <line num="43" count="0" type="stmt"/>
        <line num="45" count="5" type="cond" truecount="1" falsecount="1"/>
        <line num="46" count="0" type="stmt"/>
        <line num="48" count="5" type="stmt"/>
      </file>
    </package>
  </project>
</coverage>
