{"C:\\web\\frontend\\src\\auth\\authConstants.ts": {"path":"C:\\web\\frontend\\src\\auth\\authConstants.ts","statementMap":{"0":{"start":{"line":1,"column":23},"end":{"line":1,"column":null}}},"fnMap":{},"branchMap":{},"s":{"0":2},"f":{},"b":{},"meta":{"lastBranch":0,"lastFunction":0,"lastStatement":1,"seen":{"s:1:23:1:Infinity":0},"fnNames":{}}}
,"C:\\web\\frontend\\src\\auth\\requestNewAccessToken.ts": {"path":"C:\\web\\frontend\\src\\auth\\requestNewAccessToken.ts","statementMap":{"0":{"start":{"line":5,"column":19},"end":{"line":12,"column":null}},"1":{"start":{"line":14,"column":2},"end":{"line":23,"column":null}},"2":{"start":{"line":15,"column":18},"end":{"line":15,"column":null}},"3":{"start":{"line":17,"column":4},"end":{"line":19,"column":null}},"4":{"start":{"line":18,"column":6},"end":{"line":18,"column":null}},"5":{"start":{"line":20,"column":4},"end":{"line":20,"column":null}},"6":{"start":{"line":22,"column":4},"end":{"line":22,"column":null}}},"fnMap":{"0":{"name":"requestNewAccessToken","decl":{"start":{"line":4,"column":30},"end":{"line":4,"column":54}},"loc":{"start":{"line":4,"column":54},"end":{"line":24,"column":null}},"line":4}},"branchMap":{"0":{"loc":{"start":{"line":14,"column":2},"end":{"line":23,"column":null}},"type":"if","locations":[{"start":{"line":14,"column":2},"end":{"line":23,"column":null}},{"start":{"line":21,"column":9},"end":{"line":23,"column":null}}],"line":14},"1":{"loc":{"start":{"line":17,"column":4},"end":{"line":19,"column":null}},"type":"if","locations":[{"start":{"line":17,"column":4},"end":{"line":19,"column":null}},{"start":{},"end":{}}],"line":17}},"s":{"0":3,"1":3,"2":2,"3":2,"4":1,"5":1,"6":1},"f":{"0":3},"b":{"0":[2,1],"1":[1,1]},"meta":{"lastBranch":2,"lastFunction":1,"lastStatement":7,"seen":{"f:4:30:4:54":0,"s:5:19:12:Infinity":0,"b:14:2:23:Infinity:21:9:23:Infinity":0,"s:14:2:23:Infinity":1,"s:15:18:15:Infinity":2,"b:17:4:19:Infinity:undefined:undefined:undefined:undefined":1,"s:17:4:19:Infinity":3,"s:18:6:18:Infinity":4,"s:20:4:20:Infinity":5,"s:22:4:22:Infinity":6},"fnNames":{}}}
,"C:\\web\\frontend\\src\\lib\\api.ts": {"path":"C:\\web\\frontend\\src\\lib\\api.ts","statementMap":{"0":{"start":{"line":10,"column":77},"end":{"line":10,"column":null}},"1":{"start":{"line":12,"column":18},"end":{"line":12,"column":null}},"2":{"start":{"line":14,"column":2},"end":{"line":18,"column":null}},"3":{"start":{"line":15,"column":4},"end":{"line":15,"column":null}},"4":{"start":{"line":16,"column":9},"end":{"line":18,"column":null}},"5":{"start":{"line":17,"column":4},"end":{"line":17,"column":null}},"6":{"start":{"line":20,"column":2},"end":{"line":22,"column":null}},"7":{"start":{"line":21,"column":4},"end":{"line":21,"column":null}},"8":{"start":{"line":24,"column":2},"end":{"line":26,"column":null}},"9":{"start":{"line":25,"column":4},"end":{"line":25,"column":null}},"10":{"start":{"line":28,"column":19},"end":{"line":32,"column":null}},"11":{"start":{"line":34,"column":2},"end":{"line":40,"column":null}},"12":{"start":{"line":35,"column":22},"end":{"line":35,"column":null}},"13":{"start":{"line":35,"column":57},"end":{"line":35,"column":60}},"14":{"start":{"line":36,"column":4},"end":{"line":39,"column":null}},"15":{"start":{"line":42,"column":2},"end":{"line":44,"column":null}},"16":{"start":{"line":43,"column":4},"end":{"line":43,"column":null}},"17":{"start":{"line":45,"column":2},"end":{"line":47,"column":null}},"18":{"start":{"line":46,"column":4},"end":{"line":46,"column":null}},"19":{"start":{"line":48,"column":2},"end":{"line":48,"column":null}}},"fnMap":{"0":{"name":"apiFetch","decl":{"start":{"line":9,"column":22},"end":{"line":9,"column":31}},"loc":{"start":{"line":9,"column":79},"end":{"line":49,"column":null}},"line":9},"1":{"name":"(anonymous_1)","decl":{"start":{"line":35,"column":44},"end":{"line":35,"column":57}},"loc":{"start":{"line":35,"column":57},"end":{"line":35,"column":60}},"line":35}},"branchMap":{"0":{"loc":{"start":{"line":9,"column":49},"end":{"line":9,"column":79}},"type":"default-arg","locations":[{"start":{"line":9,"column":75},"end":{"line":9,"column":79}}],"line":9},"1":{"loc":{"start":{"line":10,"column":34},"end":{"line":10,"column":57}},"type":"default-arg","locations":[{"start":{"line":10,"column":49},"end":{"line":10,"column":57}}],"line":10},"2":{"loc":{"start":{"line":12,"column":30},"end":{"line":12,"column":56}},"type":"binary-expr","locations":[{"start":{"line":12,"column":30},"end":{"line":12,"column":54}},{"start":{"line":12,"column":54},"end":{"line":12,"column":56}}],"line":12},"3":{"loc":{"start":{"line":14,"column":2},"end":{"line":18,"column":null}},"type":"if","locations":[{"start":{"line":14,"column":2},"end":{"line":18,"column":null}},{"start":{"line":16,"column":9},"end":{"line":18,"column":null}}],"line":14},"4":{"loc":{"start":{"line":16,"column":9},"end":{"line":18,"column":null}},"type":"if","locations":[{"start":{"line":16,"column":9},"end":{"line":18,"column":null}},{"start":{},"end":{}}],"line":16},"5":{"loc":{"start":{"line":20,"column":2},"end":{"line":22,"column":null}},"type":"if","locations":[{"start":{"line":20,"column":2},"end":{"line":22,"column":null}},{"start":{},"end":{}}],"line":20},"6":{"loc":{"start":{"line":24,"column":2},"end":{"line":26,"column":null}},"type":"if","locations":[{"start":{"line":24,"column":2},"end":{"line":26,"column":null}},{"start":{},"end":{}}],"line":24},"7":{"loc":{"start":{"line":34,"column":2},"end":{"line":40,"column":null}},"type":"if","locations":[{"start":{"line":34,"column":2},"end":{"line":40,"column":null}},{"start":{},"end":{}}],"line":34},"8":{"loc":{"start":{"line":38,"column":15},"end":{"line":38,"column":null}},"type":"binary-expr","locations":[{"start":{"line":38,"column":15},"end":{"line":38,"column":40}},{"start":{"line":38,"column":40},"end":{"line":38,"column":null}}],"line":38},"9":{"loc":{"start":{"line":42,"column":2},"end":{"line":44,"column":null}},"type":"if","locations":[{"start":{"line":42,"column":2},"end":{"line":44,"column":null}},{"start":{},"end":{}}],"line":42},"10":{"loc":{"start":{"line":45,"column":2},"end":{"line":47,"column":null}},"type":"if","locations":[{"start":{"line":45,"column":2},"end":{"line":47,"column":null}},{"start":{},"end":{}}],"line":45}},"s":{"0":6,"1":6,"2":6,"3":0,"4":6,"5":6,"6":6,"7":1,"8":6,"9":1,"10":6,"11":6,"12":1,"13":0,"14":1,"15":5,"16":0,"17":5,"18":0,"19":5},"f":{"0":6,"1":0},"b":{"0":[6],"1":[6],"2":[6,6],"3":[0,6],"4":[6,0],"5":[1,5],"6":[1,5],"7":[1,5],"8":[1,0],"9":[0,5],"10":[0,5]},"meta":{"lastBranch":11,"lastFunction":2,"lastStatement":20,"seen":{"f:9:22:9:31":0,"b:9:75:9:79":0,"s:10:77:10:Infinity":0,"b:10:49:10:57":1,"s:12:18:12:Infinity":1,"b:12:30:12:54:12:54:12:56":2,"b:14:2:18:Infinity:16:9:18:Infinity":3,"s:14:2:18:Infinity":2,"s:15:4:15:Infinity":3,"b:16:9:18:Infinity:undefined:undefined:undefined:undefined":4,"s:16:9:18:Infinity":4,"s:17:4:17:Infinity":5,"b:20:2:22:Infinity:undefined:undefined:undefined:undefined":5,"s:20:2:22:Infinity":6,"s:21:4:21:Infinity":7,"b:24:2:26:Infinity:undefined:undefined:undefined:undefined":6,"s:24:2:26:Infinity":8,"s:25:4:25:Infinity":9,"s:28:19:32:Infinity":10,"b:34:2:40:Infinity:undefined:undefined:undefined:undefined":7,"s:34:2:40:Infinity":11,"s:35:22:35:Infinity":12,"f:35:44:35:57":1,"s:35:57:35:60":13,"s:36:4:39:Infinity":14,"b:38:15:38:40:38:40:38:Infinity":8,"b:42:2:44:Infinity:undefined:undefined:undefined:undefined":9,"s:42:2:44:Infinity":15,"s:43:4:43:Infinity":16,"b:45:2:47:Infinity:undefined:undefined:undefined:undefined":10,"s:45:2:47:Infinity":17,"s:46:4:46:Infinity":18,"s:48:2:48:Infinity":19},"fnNames":{}}}
}
